<?xml version="1.0" encoding="UTF-8"?>
<!-- Generated by org.testng.reporters.JUnitReportReporter -->
<testsuite hostname="DESKTOP-RJ192UE" failures="0" tests="3" name="com.Amezon.Amezon_Multi_Browser" time="47.167" errors="0" timestamp="2024-08-30T22:02:48 IST" skipped="0">
  <testcase classname="com.Amezon.Amezon_Multi_Browser" name="chrome" time="11.837"/>
  <testcase classname="com.Amezon.Amezon_Multi_Browser" name="edge" time="17.715"/>
  <testcase classname="com.Amezon.Amezon_Multi_Browser" name="FirFox" time="17.615"/>
</testsuite> <!-- com.Amezon.Amezon_Multi_Browser -->
