<?xml version="1.0" encoding="UTF-8"?>
<!-- Generated by org.testng.reporters.JUnitReportReporter -->
<testsuite hostname="DESKTOP-RJ192UE" failures="0" tests="3" name="com.Amezon.Amezon_Multi_Browser" time="20.221" errors="0" timestamp="2024-08-30T22:17:16 IST" skipped="0">
  <testcase classname="com.Amezon.Amezon_Multi_Browser" name="chrome" time="7.231"/>
  <testcase classname="com.Amezon.Amezon_Multi_Browser" name="edge" time="7.156"/>
  <testcase classname="com.Amezon.Amezon_Multi_Browser" name="FirFox" time="5.834"/>
</testsuite> <!-- com.Amezon.Amezon_Multi_Browser -->
