<?xml version="1.0" encoding="UTF-8"?>
<!-- Generated by org.testng.reporters.JUnitReportReporter -->
<testsuite hostname="DESKTOP-RJ192UE" failures="0" tests="3" name="com.Amezon.Amezon_Multi_Browser" time="33.158" errors="0" timestamp="2024-08-30T21:32:08 IST" skipped="0">
  <testcase classname="com.Amezon.Amezon_Multi_Browser" name="FirFox" time="15.214"/>
  <testcase classname="com.Amezon.Amezon_Multi_Browser" name="edge" time="10.111"/>
  <testcase classname="com.Amezon.Amezon_Multi_Browser" name="chrome" time="7.833"/>
</testsuite> <!-- com.Amezon.Amezon_Multi_Browser -->
